Clock: clock_i
Sources: 
Generated: no
Virtual: yes
Propagated: no
Period: 20.000000

===========================================================================
report_clock_properties
============================================================================
Clock                   Period          Waveform
----------------------------------------------------
clock_i              20.000000    0.000000 10.000000

===========================================================================
report_clock_latency
============================================================================
Clock clock_i
rise -> rise
    min     max
0.000000 0.000000 source latency
4.162210         network latency _71_/CLK
        4.175339 network latency _74_/CLK
---------------
4.162210 4.175339 latency
        0.013129 skew

rise -> fall
    min     max
0.000000 0.000000 source latency
4.140796         network latency _71_/CLK
        4.153326 network latency _74_/CLK
---------------
4.140796 4.153326 latency
        0.012530 skew



===========================================================================
report_clock_min_period
============================================================================
clock_i period_min = 0.00 fmax = inf
