
===========================================================================
report_checks -unconstrained
===========================================================================
======================= nom_slow_1p08V_125C Corner ===================================

Startpoint: enable_i (input port clocked by clock_i)
Endpoint: _75_ (rising edge-triggered flip-flop)
Path Group: unconstrained
Path Type: max

Fanout         Cap        Slew       Delay        Time   Description
---------------------------------------------------------------------------------------------
                                  4.000000    4.000000 ^ input external delay
     1    0.002925    0.032680    0.003822    4.003822 ^ enable_i (in)
                                                         enable_i (net)
                      0.032680    0.000000    4.003822 ^ input2/A (sg13cmos5l_buf_1)
     4    0.024290    0.162914    0.186627    4.190449 ^ input2/X (sg13cmos5l_buf_1)
                                                         net2 (net)
                      0.162969    0.002456    4.192905 ^ _44_/A (sg13cmos5l_nand3_1)
     1    0.003912    0.113410    0.149204    4.342109 v _44_/Y (sg13cmos5l_nand3_1)
                                                         _12_ (net)
                      0.113410    0.000156    4.342265 v _45_/A (sg13cmos5l_buf_4)
     8    0.041052    0.073411    0.185114    4.527379 v _45_/X (sg13cmos5l_buf_4)
                                                         _13_ (net)
                      0.073519    0.002487    4.529865 v _66_/B (sg13cmos5l_nor3_2)
     1    0.007233    0.165722    0.162091    4.691957 ^ _66_/Y (sg13cmos5l_nor3_2)
                                                         _29_ (net)
                      0.165722    0.000308    4.692265 ^ _67_/S (sg13cmos5l_mux2_1)
     1    0.002307    0.053245    0.287642    4.979908 v _67_/X (sg13cmos5l_mux2_1)
                                                         _07_ (net)
                      0.053245    0.000087    4.979994 v _75_/D (sg13cmos5l_dfrbpq_1)
                                              4.979994   data arrival time
---------------------------------------------------------------------------------------------
(Path is unconstrained)




===========================================================================
report_checks --slack_max -0.01
============================================================================
======================= nom_slow_1p08V_125C Corner ===================================

No paths found.


===========================================================================
 report_check_types -max_slew -max_cap -max_fanout -violators
============================================================================
======================= nom_slow_1p08V_125C Corner ===================================



===========================================================================
report_parasitic_annotation -report_unannotated
============================================================================
Found 0 unannotated drivers.
Found 0 partially unannotated drivers.

===========================================================================
max slew violation count 0
max fanout violation count 0
max cap violation count 0
============================================================================

===========================================================================
check_setup -verbose -unconstrained_endpoints -multiple_clock -no_clock -no_input_delay -loops -generated_clocks
===========================================================================
Warning: There are 8 unclocked register/latch pins.
  _68_/CLK
  _69_/CLK
  _70_/CLK
  _71_/CLK
  _72_/CLK
  _73_/CLK
  _74_/CLK
  _75_/CLK
Warning: There are 16 unconstrained endpoints.
  count_o[0]
  count_o[1]
  count_o[2]
  count_o[3]
  count_o[4]
  count_o[5]
  count_o[6]
  count_o[7]
  _68_/D
  _69_/D
  _70_/D
  _71_/D
  _72_/D
  _73_/D
  _74_/D
  _75_/D
