Clock: clock_i
Sources: 
Generated: no
Virtual: yes
Propagated: no
Period: 20.000000

===========================================================================
report_clock_properties
============================================================================
Clock                   Period          Waveform
----------------------------------------------------
clock_i              20.000000    0.000000 10.000000

===========================================================================
report_clock_latency
============================================================================
Clock clock_i
rise -> rise
    min     max
0.000000 0.000000 source latency
4.251134         network latency _71_/CLK
        4.267862 network latency _74_/CLK
---------------
4.251134 4.267862 latency
        0.016728 skew

rise -> fall
    min     max
0.000000 0.000000 source latency
4.223297         network latency _71_/CLK
        4.241008 network latency _74_/CLK
---------------
4.223297 4.241008 latency
        0.017711 skew



===========================================================================
report_clock_min_period
============================================================================
clock_i period_min = 0.00 fmax = inf
